[2024-01-29 21:28:03] production.ERROR: Please provide a valid cache path. {"exception":"[object] (InvalidArgumentException(code: 0): Please provide a valid cache path. at /home/setacbra/public_html/app/vendor/laravel/framework/src/Illuminate/View/Compilers/Compiler.php:66)
[stacktrace]
#0 /home/setacbra/public_html/app/vendor/laravel/framework/src/Illuminate/View/ViewServiceProvider.php(101): Illuminate\\View\\Compilers\\Compiler->__construct()
#1 /home/setacbra/public_html/app/vendor/laravel/framework/src/Illuminate/Container/Container.php(885): Illuminate\\View\\ViewServiceProvider->Illuminate\\View\\{closure}()
#2 /home/setacbra/public_html/app/vendor/laravel/framework/src/Illuminate/Container/Container.php(770): Illuminate\\Container\\Container->build()
#3 /home/setacbra/public_html/app/vendor/laravel/framework/src/Illuminate/Foundation/Application.php(856): Illuminate\\Container\\Container->resolve()
#4 /home/setacbra/public_html/app/vendor/laravel/framework/src/Illuminate/Container/Container.php(706): Illuminate\\Foundation\\Application->resolve()
#5 /home/setacbra/public_html/app/vendor/laravel/framework/src/Illuminate/Foundation/Application.php(841): Illuminate\\Container\\Container->make()
#6 /home/setacbra/public_html/app/vendor/laravel/framework/src/Illuminate/Container/Container.php(1431): Illuminate\\Foundation\\Application->make()
#7 /home/setacbra/public_html/app/vendor/laravel/framework/src/Illuminate/Support/Facades/Facade.php(222): Illuminate\\Container\\Container->offsetGet()
#8 /home/setacbra/public_html/app/vendor/laravel/framework/src/Illuminate/Support/Facades/Facade.php(193): Illuminate\\Support\\Facades\\Facade::resolveFacadeInstance()
#9 /home/setacbra/public_html/app/vendor/laravel/framework/src/Illuminate/Support/Facades/Facade.php(332): Illuminate\\Support\\Facades\\Facade::getFacadeRoot()
#10 /home/setacbra/public_html/app/vendor/mckenziearts/laravel-notify/src/LaravelNotifyServiceProvider.php(31): Illuminate\\Support\\Facades\\Facade::__callStatic()
#11 /home/setacbra/public_html/app/vendor/mckenziearts/laravel-notify/src/LaravelNotifyServiceProvider.php(12): Mckenziearts\\Notify\\LaravelNotifyServiceProvider->registerBladeDirective()
#12 /home/setacbra/public_html/app/vendor/laravel/framework/src/Illuminate/Container/BoundMethod.php(36): Mckenziearts\\Notify\\LaravelNotifyServiceProvider->boot()
#13 /home/setacbra/public_html/app/vendor/laravel/framework/src/Illuminate/Container/Util.php(41): Illuminate\\Container\\BoundMethod::Illuminate\\Container\\{closure}()
#14 /home/setacbra/public_html/app/vendor/laravel/framework/src/Illuminate/Container/BoundMethod.php(93): Illuminate\\Container\\Util::unwrapIfClosure()
#15 /home/setacbra/public_html/app/vendor/laravel/framework/src/Illuminate/Container/BoundMethod.php(37): Illuminate\\Container\\BoundMethod::callBoundMethod()
#16 /home/setacbra/public_html/app/vendor/laravel/framework/src/Illuminate/Container/Container.php(661): Illuminate\\Container\\BoundMethod::call()
#17 /home/setacbra/public_html/app/vendor/laravel/framework/src/Illuminate/Foundation/Application.php(929): Illuminate\\Container\\Container->call()
#18 /home/setacbra/public_html/app/vendor/laravel/framework/src/Illuminate/Foundation/Application.php(910): Illuminate\\Foundation\\Application->bootProvider()
#19 [internal function]: Illuminate\\Foundation\\Application->Illuminate\\Foundation\\{closure}()
#20 /home/setacbra/public_html/app/vendor/laravel/framework/src/Illuminate/Foundation/Application.php(911): array_walk()
#21 /home/setacbra/public_html/app/vendor/laravel/framework/src/Illuminate/Foundation/Bootstrap/BootProviders.php(17): Illuminate\\Foundation\\Application->boot()
#22 /home/setacbra/public_html/app/vendor/laravel/framework/src/Illuminate/Foundation/Application.php(242): Illuminate\\Foundation\\Bootstrap\\BootProviders->bootstrap()
#23 /home/setacbra/public_html/app/vendor/laravel/framework/src/Illuminate/Foundation/Http/Kernel.php(176): Illuminate\\Foundation\\Application->bootstrapWith()
#24 /home/setacbra/public_html/app/vendor/laravel/framework/src/Illuminate/Foundation/Http/Kernel.php(160): Illuminate\\Foundation\\Http\\Kernel->bootstrap()
#25 /home/setacbra/public_html/app/vendor/laravel/framework/src/Illuminate/Foundation/Http/Kernel.php(134): Illuminate\\Foundation\\Http\\Kernel->sendRequestThroughRouter()
#26 /home/setacbra/public_html/app/public/index.php(52): Illuminate\\Foundation\\Http\\Kernel->handle()
#27 {main}
"} 
[2024-01-29 21:28:03] production.ERROR: Please provide a valid cache path. {"exception":"[object] (InvalidArgumentException(code: 0): Please provide a valid cache path. at /home/setacbra/public_html/app/vendor/laravel/framework/src/Illuminate/View/Compilers/Compiler.php:66)
[stacktrace]
#0 /home/setacbra/public_html/app/vendor/laravel/framework/src/Illuminate/View/ViewServiceProvider.php(101): Illuminate\\View\\Compilers\\Compiler->__construct()
#1 /home/setacbra/public_html/app/vendor/laravel/framework/src/Illuminate/Container/Container.php(885): Illuminate\\View\\ViewServiceProvider->Illuminate\\View\\{closure}()
#2 /home/setacbra/public_html/app/vendor/laravel/framework/src/Illuminate/Container/Container.php(770): Illuminate\\Container\\Container->build()
#3 /home/setacbra/public_html/app/vendor/laravel/framework/src/Illuminate/Foundation/Application.php(856): Illuminate\\Container\\Container->resolve()
#4 /home/setacbra/public_html/app/vendor/laravel/framework/src/Illuminate/Container/Container.php(706): Illuminate\\Foundation\\Application->resolve()
#5 /home/setacbra/public_html/app/vendor/laravel/framework/src/Illuminate/Foundation/Application.php(841): Illuminate\\Container\\Container->make()
#6 /home/setacbra/public_html/app/vendor/laravel/framework/src/Illuminate/Container/Container.php(1431): Illuminate\\Foundation\\Application->make()
#7 /home/setacbra/public_html/app/vendor/laravel/framework/src/Illuminate/View/ViewServiceProvider.php(164): Illuminate\\Container\\Container->offsetGet()
#8 [internal function]: Illuminate\\View\\ViewServiceProvider->Illuminate\\View\\{closure}()
#9 /home/setacbra/public_html/app/vendor/laravel/framework/src/Illuminate/View/Engines/EngineResolver.php(55): call_user_func()
#10 /home/setacbra/public_html/app/vendor/laravel/framework/src/Illuminate/View/Factory.php(310): Illuminate\\View\\Engines\\EngineResolver->resolve()
#11 /home/setacbra/public_html/app/vendor/laravel/framework/src/Illuminate/View/Factory.php(274): Illuminate\\View\\Factory->getEngineFromPath()
#12 /home/setacbra/public_html/app/vendor/laravel/framework/src/Illuminate/View/Factory.php(146): Illuminate\\View\\Factory->viewInstance()
#13 /home/setacbra/public_html/app/vendor/laravel/framework/src/Illuminate/Routing/ResponseFactory.php(87): Illuminate\\View\\Factory->make()
#14 /home/setacbra/public_html/app/vendor/laravel/framework/src/Illuminate/Foundation/Exceptions/Handler.php(629): Illuminate\\Routing\\ResponseFactory->view()
#15 /home/setacbra/public_html/app/vendor/laravel/framework/src/Illuminate/Foundation/Exceptions/Handler.php(554): Illuminate\\Foundation\\Exceptions\\Handler->renderHttpException()
#16 /home/setacbra/public_html/app/vendor/laravel/framework/src/Illuminate/Foundation/Exceptions/Handler.php(460): Illuminate\\Foundation\\Exceptions\\Handler->prepareResponse()
#17 /home/setacbra/public_html/app/vendor/laravel/framework/src/Illuminate/Foundation/Exceptions/Handler.php(377): Illuminate\\Foundation\\Exceptions\\Handler->renderExceptionResponse()
#18 /home/setacbra/public_html/app/vendor/laravel/framework/src/Illuminate/Foundation/Http/Kernel.php(493): Illuminate\\Foundation\\Exceptions\\Handler->render()
#19 /home/setacbra/public_html/app/vendor/laravel/framework/src/Illuminate/Foundation/Http/Kernel.php(138): Illuminate\\Foundation\\Http\\Kernel->renderException()
#20 /home/setacbra/public_html/app/public/index.php(52): Illuminate\\Foundation\\Http\\Kernel->handle()
#21 {main}
"} 
[2024-01-29 21:28:03] production.ERROR: Uncaught InvalidArgumentException: Please provide a valid cache path. in /home/setacbra/public_html/app/vendor/laravel/framework/src/Illuminate/View/Compilers/Compiler.php:66
Stack trace:
#0 /home/setacbra/public_html/app/vendor/laravel/framework/src/Illuminate/View/ViewServiceProvider.php(101): Illuminate\View\Compilers\Compiler->__construct()
#1 /home/setacbra/public_html/app/vendor/laravel/framework/src/Illuminate/Container/Container.php(885): Illuminate\View\ViewServiceProvider->Illuminate\View\{closure}()
#2 /home/setacbra/public_html/app/vendor/laravel/framework/src/Illuminate/Container/Container.php(770): Illuminate\Container\Container->build()
#3 /home/setacbra/public_html/app/vendor/laravel/framework/src/Illuminate/Foundation/Application.php(856): Illuminate\Container\Container->resolve()
#4 /home/setacbra/public_html/app/vendor/laravel/framework/src/Illuminate/Container/Container.php(706): Illuminate\Foundation\Application->resolve()
#5 /home/setacbra/public_html/app/vendor/laravel/framework/src/Illuminate/Foundation/Application.php(841): Illuminate\Container\Container->make()
#6 /home/setacbra/public_html/app/vendor/laravel/framework/src/Illuminate/Container/Container.php(1431): Illuminate\Foundation\Application->make()
#7 /home/setacbra/public_html/app/vendor/laravel/framework/src/Illuminate/View/ViewServiceProvider.php(164): Illuminate\Container\Container->offsetGet()
#8 [internal function]: Illuminate\View\ViewServiceProvider->Illuminate\View\{closure}()
#9 /home/setacbra/public_html/app/vendor/laravel/framework/src/Illuminate/View/Engines/EngineResolver.php(55): call_user_func()
#10 /home/setacbra/public_html/app/vendor/laravel/framework/src/Illuminate/View/Factory.php(310): Illuminate\View\Engines\EngineResolver->resolve()
#11 /home/setacbra/public_html/app/vendor/laravel/framework/src/Illuminate/View/Factory.php(274): Illuminate\View\Factory->getEngineFromPath()
#12 /home/setacbra/public_html/app/vendor/laravel/framework/src/Illuminate/View/Factory.php(146): Illuminate\View\Factory->viewInstance()
#13 /home/setacbra/public_html/app/vendor/laravel/framework/src/Illuminate/Routing/ResponseFactory.php(87): Illuminate\View\Factory->make()
#14 /home/setacbra/public_html/app/vendor/laravel/framework/src/Illuminate/Foundation/Exceptions/Handler.php(629): Illuminate\Routing\ResponseFactory->view()
#15 /home/setacbra/public_html/app/vendor/laravel/framework/src/Illuminate/Foundation/Exceptions/Handler.php(554): Illuminate\Foundation\Exceptions\Handler->renderHttpException()
#16 /home/setacbra/public_html/app/vendor/laravel/framework/src/Illuminate/Foundation/Exceptions/Handler.php(460): Illuminate\Foundation\Exceptions\Handler->prepareResponse()
#17 /home/setacbra/public_html/app/vendor/laravel/framework/src/Illuminate/Foundation/Exceptions/Handler.php(377): Illuminate\Foundation\Exceptions\Handler->renderExceptionResponse()
#18 /home/setacbra/public_html/app/vendor/laravel/framework/src/Illuminate/Foundation/Bootstrap/HandleExceptions.php(233): Illuminate\Foundation\Exceptions\Handler->render()
#19 /home/setacbra/public_html/app/vendor/laravel/framework/src/Illuminate/Foundation/Bootstrap/HandleExceptions.php(210): Illuminate\Foundation\Bootstrap\HandleExceptions->renderHttpResponse()
#20 /home/setacbra/public_html/app/vendor/laravel/framework/src/Illuminate/Foundation/Bootstrap/HandleExceptions.php(270): Illuminate\Foundation\Bootstrap\HandleExceptions->handleException()
#21 [internal function]: Illuminate\Foundation\Bootstrap\HandleExceptions->Illuminate\Foundation\Bootstrap\{closure}()
#22 {main}
  thrown {"exception":"[object] (Symfony\\Component\\ErrorHandler\\Error\\FatalError(code: 0): Uncaught InvalidArgumentException: Please provide a valid cache path. in /home/setacbra/public_html/app/vendor/laravel/framework/src/Illuminate/View/Compilers/Compiler.php:66
Stack trace:
#0 /home/setacbra/public_html/app/vendor/laravel/framework/src/Illuminate/View/ViewServiceProvider.php(101): Illuminate\\View\\Compilers\\Compiler->__construct()
#1 /home/setacbra/public_html/app/vendor/laravel/framework/src/Illuminate/Container/Container.php(885): Illuminate\\View\\ViewServiceProvider->Illuminate\\View\\{closure}()
#2 /home/setacbra/public_html/app/vendor/laravel/framework/src/Illuminate/Container/Container.php(770): Illuminate\\Container\\Container->build()
#3 /home/setacbra/public_html/app/vendor/laravel/framework/src/Illuminate/Foundation/Application.php(856): Illuminate\\Container\\Container->resolve()
#4 /home/setacbra/public_html/app/vendor/laravel/framework/src/Illuminate/Container/Container.php(706): Illuminate\\Foundation\\Application->resolve()
#5 /home/setacbra/public_html/app/vendor/laravel/framework/src/Illuminate/Foundation/Application.php(841): Illuminate\\Container\\Container->make()
#6 /home/setacbra/public_html/app/vendor/laravel/framework/src/Illuminate/Container/Container.php(1431): Illuminate\\Foundation\\Application->make()
#7 /home/setacbra/public_html/app/vendor/laravel/framework/src/Illuminate/View/ViewServiceProvider.php(164): Illuminate\\Container\\Container->offsetGet()
#8 [internal function]: Illuminate\\View\\ViewServiceProvider->Illuminate\\View\\{closure}()
#9 /home/setacbra/public_html/app/vendor/laravel/framework/src/Illuminate/View/Engines/EngineResolver.php(55): call_user_func()
#10 /home/setacbra/public_html/app/vendor/laravel/framework/src/Illuminate/View/Factory.php(310): Illuminate\\View\\Engines\\EngineResolver->resolve()
#11 /home/setacbra/public_html/app/vendor/laravel/framework/src/Illuminate/View/Factory.php(274): Illuminate\\View\\Factory->getEngineFromPath()
#12 /home/setacbra/public_html/app/vendor/laravel/framework/src/Illuminate/View/Factory.php(146): Illuminate\\View\\Factory->viewInstance()
#13 /home/setacbra/public_html/app/vendor/laravel/framework/src/Illuminate/Routing/ResponseFactory.php(87): Illuminate\\View\\Factory->make()
#14 /home/setacbra/public_html/app/vendor/laravel/framework/src/Illuminate/Foundation/Exceptions/Handler.php(629): Illuminate\\Routing\\ResponseFactory->view()
#15 /home/setacbra/public_html/app/vendor/laravel/framework/src/Illuminate/Foundation/Exceptions/Handler.php(554): Illuminate\\Foundation\\Exceptions\\Handler->renderHttpException()
#16 /home/setacbra/public_html/app/vendor/laravel/framework/src/Illuminate/Foundation/Exceptions/Handler.php(460): Illuminate\\Foundation\\Exceptions\\Handler->prepareResponse()
#17 /home/setacbra/public_html/app/vendor/laravel/framework/src/Illuminate/Foundation/Exceptions/Handler.php(377): Illuminate\\Foundation\\Exceptions\\Handler->renderExceptionResponse()
#18 /home/setacbra/public_html/app/vendor/laravel/framework/src/Illuminate/Foundation/Bootstrap/HandleExceptions.php(233): Illuminate\\Foundation\\Exceptions\\Handler->render()
#19 /home/setacbra/public_html/app/vendor/laravel/framework/src/Illuminate/Foundation/Bootstrap/HandleExceptions.php(210): Illuminate\\Foundation\\Bootstrap\\HandleExceptions->renderHttpResponse()
#20 /home/setacbra/public_html/app/vendor/laravel/framework/src/Illuminate/Foundation/Bootstrap/HandleExceptions.php(270): Illuminate\\Foundation\\Bootstrap\\HandleExceptions->handleException()
#21 [internal function]: Illuminate\\Foundation\\Bootstrap\\HandleExceptions->Illuminate\\Foundation\\Bootstrap\\{closure}()
#22 {main}
  thrown at /home/setacbra/public_html/app/vendor/laravel/framework/src/Illuminate/View/Compilers/Compiler.php:66)
[stacktrace]
#0 {main}
"} 
